2016-04-23 11:35:11 SystemEnvironment [WARN] defaulting tlb tmp directory to /var/folders/63/3rz5g1g93kl56014nnctmg6w0000gn/T/
2016-04-23 11:35:11 SystemEnvironment [INFO] using /var/folders/63/3rz5g1g93kl56014nnctmg6w0000gn/T/ as tlb temp directory
2016-04-23 11:35:11 FileUtil [INFO] checking for existance of directory /var/folders/63/3rz5g1g93kl56014nnctmg6w0000gn/T/0f883787da49d852868e3eb32e22ab9b as tlb tmpdir
2016-04-23 11:35:11 FileUtil [INFO] directory /var/folders/63/3rz5g1g93kl56014nnctmg6w0000gn/T/0f883787da49d852868e3eb32e22ab9b doesn't exist, creating it now
2016-04-23 11:35:11 FileUtil [INFO] created directory /var/folders/63/3rz5g1g93kl56014nnctmg6w0000gn/T/0f883787da49d852868e3eb32e22ab9b, which is to be used as tlb tmp dir.
2016-04-23 11:35:11 FileUtil [INFO] unique file name old_test_times translated to /var/folders/63/3rz5g1g93kl56014nnctmg6w0000gn/T/0f883787da49d852868e3eb32e22ab9b/44dbf27b4ecc976bd27776371f7a95f3
2016-04-23 11:35:11 SystemEnvironment [WARN] defaulting tlb tmp directory to /var/folders/63/3rz5g1g93kl56014nnctmg6w0000gn/T/
2016-04-23 11:35:11 SystemEnvironment [INFO] using /var/folders/63/3rz5g1g93kl56014nnctmg6w0000gn/T/ as tlb temp directory
2016-04-23 11:35:11 FileUtil [INFO] checking for existance of directory /var/folders/63/3rz5g1g93kl56014nnctmg6w0000gn/T/0f883787da49d852868e3eb32e22ab9b as tlb tmpdir
2016-04-23 11:35:11 FileUtil [INFO] directory /var/folders/63/3rz5g1g93kl56014nnctmg6w0000gn/T/0f883787da49d852868e3eb32e22ab9b exists, creation not required
2016-04-23 11:35:11 FileUtil [INFO] unique file name old_test_times translated to /var/folders/63/3rz5g1g93kl56014nnctmg6w0000gn/T/0f883787da49d852868e3eb32e22ab9b/44dbf27b4ecc976bd27776371f7a95f3
2016-04-23 11:35:11 SystemEnvironment [WARN] defaulting tlb tmp directory to /var/folders/63/3rz5g1g93kl56014nnctmg6w0000gn/T/
2016-04-23 11:35:11 SystemEnvironment [INFO] using /var/folders/63/3rz5g1g93kl56014nnctmg6w0000gn/T/ as tlb temp directory
2016-04-23 11:35:11 FileUtil [INFO] checking for existance of directory /var/folders/63/3rz5g1g93kl56014nnctmg6w0000gn/T/0f883787da49d852868e3eb32e22ab9b as tlb tmpdir
2016-04-23 11:35:11 FileUtil [INFO] directory /var/folders/63/3rz5g1g93kl56014nnctmg6w0000gn/T/0f883787da49d852868e3eb32e22ab9b exists, creation not required
2016-04-23 11:35:11 FileUtil [INFO] unique file name old_test_times translated to /var/folders/63/3rz5g1g93kl56014nnctmg6w0000gn/T/0f883787da49d852868e3eb32e22ab9b/44dbf27b4ecc976bd27776371f7a95f3
2016-04-23 11:35:11 SystemEnvironment [WARN] defaulting tlb tmp directory to /var/folders/63/3rz5g1g93kl56014nnctmg6w0000gn/T/
2016-04-23 11:35:11 SystemEnvironment [INFO] using /var/folders/63/3rz5g1g93kl56014nnctmg6w0000gn/T/ as tlb temp directory
2016-04-23 11:35:11 FileUtil [INFO] checking for existance of directory /var/folders/63/3rz5g1g93kl56014nnctmg6w0000gn/T/0f883787da49d852868e3eb32e22ab9b as tlb tmpdir
2016-04-23 11:35:11 FileUtil [INFO] directory /var/folders/63/3rz5g1g93kl56014nnctmg6w0000gn/T/0f883787da49d852868e3eb32e22ab9b exists, creation not required
2016-04-23 11:35:11 FileUtil [INFO] unique file name old_test_times translated to /var/folders/63/3rz5g1g93kl56014nnctmg6w0000gn/T/0f883787da49d852868e3eb32e22ab9b/44dbf27b4ecc976bd27776371f7a95f3
2016-04-23 11:35:11 SystemEnvironment [WARN] defaulting tlb tmp directory to /var/folders/63/3rz5g1g93kl56014nnctmg6w0000gn/T/
2016-04-23 11:35:11 SystemEnvironment [INFO] using /var/folders/63/3rz5g1g93kl56014nnctmg6w0000gn/T/ as tlb temp directory
2016-04-23 11:35:11 FileUtil [INFO] checking for existance of directory /var/folders/63/3rz5g1g93kl56014nnctmg6w0000gn/T/0f883787da49d852868e3eb32e22ab9b as tlb tmpdir
2016-04-23 11:35:11 FileUtil [INFO] directory /var/folders/63/3rz5g1g93kl56014nnctmg6w0000gn/T/0f883787da49d852868e3eb32e22ab9b exists, creation not required
2016-04-23 11:35:11 FileUtil [INFO] unique file name old_test_times translated to /var/folders/63/3rz5g1g93kl56014nnctmg6w0000gn/T/0f883787da49d852868e3eb32e22ab9b/44dbf27b4ecc976bd27776371f7a95f3
2016-04-23 11:35:11 SystemEnvironment [WARN] defaulting tlb tmp directory to /var/folders/63/3rz5g1g93kl56014nnctmg6w0000gn/T/
2016-04-23 11:35:11 SystemEnvironment [INFO] using /var/folders/63/3rz5g1g93kl56014nnctmg6w0000gn/T/ as tlb temp directory
2016-04-23 11:35:11 FileUtil [INFO] checking for existance of directory /var/folders/63/3rz5g1g93kl56014nnctmg6w0000gn/T/0f883787da49d852868e3eb32e22ab9b as tlb tmpdir
2016-04-23 11:35:11 FileUtil [INFO] directory /var/folders/63/3rz5g1g93kl56014nnctmg6w0000gn/T/0f883787da49d852868e3eb32e22ab9b exists, creation not required
2016-04-23 11:35:11 FileUtil [INFO] unique file name old_test_times translated to /var/folders/63/3rz5g1g93kl56014nnctmg6w0000gn/T/0f883787da49d852868e3eb32e22ab9b/44dbf27b4ecc976bd27776371f7a95f3
2016-04-23 11:35:11 JobFamilyAwareSplitter [INFO] got total of 12 files to balance
2016-04-23 11:35:11 JobFamilyAwareSplitter [INFO] total jobs to distribute load [ 2 ]
2016-04-23 11:35:11 TimeBasedTestSplitter [INFO] historical test time data has entries for 0 suites
2016-04-23 11:35:11 TimeBasedTestSplitter [WARN] no historical test time data, aborting attempt to balance based on time
2016-04-23 11:35:11 DefaultingTestSplitter [WARN] Could not use tlb.splitter.TimeBasedTestSplitter for balancing because: no historical test time data, aborting attempt to balance based on time.
java.lang.IllegalStateException: no historical test time data, aborting attempt to balance based on time
	at tlb.splitter.TimeBasedTestSplitter.testFiles(TimeBasedTestSplitter.java:68)
	at tlb.splitter.TimeBasedTestSplitter.subset(TimeBasedTestSplitter.java:35)
	at tlb.splitter.JobFamilyAwareSplitter.filterSuites(JobFamilyAwareSplitter.java:47)
	at tlb.splitter.DefaultingTestSplitter.filterSuites(DefaultingTestSplitter.java:37)
	at tlb.ant.LoadBalancedFileSet.iterator(LoadBalancedFileSet.java:51)
	at org.apache.tools.ant.types.resources.Resources$MyCollection$MyIterator.hasNext(Resources.java:98)
	at org.apache.tools.ant.util.CollectionUtils.asCollection(CollectionUtils.java:216)
	at org.apache.tools.ant.types.resources.Resources$MyCollection.getCache(Resources.java:84)
	at org.apache.tools.ant.types.resources.Resources$MyCollection.iterator(Resources.java:79)
	at org.apache.tools.ant.types.resources.Resources.iterator(Resources.java:171)
	at org.apache.tools.ant.taskdefs.optional.junit.BatchTest.getFilenames(BatchTest.java:147)
	at org.apache.tools.ant.taskdefs.optional.junit.BatchTest.createAllJUnitTest(BatchTest.java:126)
	at org.apache.tools.ant.taskdefs.optional.junit.BatchTest.elements(BatchTest.java:102)
	at org.apache.tools.ant.taskdefs.optional.junit.JUnitTask.getIndividualTests(JUnitTask.java:1664)
	at org.apache.tools.ant.taskdefs.optional.junit.JUnitTask.execute(JUnitTask.java:828)
	at org.apache.tools.ant.UnknownElement.execute(UnknownElement.java:292)
	at sun.reflect.GeneratedMethodAccessor4.invoke(Unknown Source)
	at sun.reflect.DelegatingMethodAccessorImpl.invoke(DelegatingMethodAccessorImpl.java:43)
	at java.lang.reflect.Method.invoke(Method.java:497)
	at org.apache.tools.ant.dispatch.DispatchUtils.execute(DispatchUtils.java:106)
	at org.apache.tools.ant.Task.perform(Task.java:348)
	at org.apache.tools.ant.Target.execute(Target.java:435)
	at org.apache.tools.ant.Target.performTasks(Target.java:456)
	at org.apache.tools.ant.Project.executeSortedTargets(Project.java:1393)
	at org.apache.tools.ant.Project.executeTarget(Project.java:1364)
	at org.apache.tools.ant.helper.DefaultExecutor.executeTargets(DefaultExecutor.java:41)
	at org.apache.tools.ant.Project.executeTargets(Project.java:1248)
	at org.apache.tools.ant.Main.runBuild(Main.java:851)
	at org.apache.tools.ant.Main.startAnt(Main.java:235)
	at org.apache.tools.ant.launch.Launcher.run(Launcher.java:280)
	at org.apache.tools.ant.launch.Launcher.main(Launcher.java:109)
2016-04-23 11:35:11 JobFamilyAwareSplitter [INFO] got total of 12 files to balance
2016-04-23 11:35:11 JobFamilyAwareSplitter [INFO] total jobs to distribute load [ 2 ]
2016-04-23 11:35:11 CountBasedTestSplitter [INFO] count balancing to approximately 6 files per job with 0 extra file to bucket
2016-04-23 11:35:11 JobFamilyAwareSplitter [INFO] assigned total of 6 files to [ null ]
2016-04-23 11:35:11 DefaultingTestSplitter [INFO] Used tlb.splitter.CountBasedTestSplitter to balance.
2016-04-23 11:35:12 SystemEnvironment [WARN] defaulting tlb tmp directory to /var/folders/63/3rz5g1g93kl56014nnctmg6w0000gn/T/
2016-04-23 11:35:12 SystemEnvironment [INFO] using /var/folders/63/3rz5g1g93kl56014nnctmg6w0000gn/T/ as tlb temp directory
2016-04-23 11:35:12 FileUtil [INFO] checking for existance of directory /var/folders/63/3rz5g1g93kl56014nnctmg6w0000gn/T/634129f5d3e8c649139778af37f7124a as tlb tmpdir
2016-04-23 11:35:12 FileUtil [INFO] directory /var/folders/63/3rz5g1g93kl56014nnctmg6w0000gn/T/634129f5d3e8c649139778af37f7124a doesn't exist, creating it now
2016-04-23 11:35:12 FileUtil [INFO] created directory /var/folders/63/3rz5g1g93kl56014nnctmg6w0000gn/T/634129f5d3e8c649139778af37f7124a, which is to be used as tlb tmp dir.
2016-04-23 11:35:12 FileUtil [INFO] unique file name old_test_times translated to /var/folders/63/3rz5g1g93kl56014nnctmg6w0000gn/T/634129f5d3e8c649139778af37f7124a/44dbf27b4ecc976bd27776371f7a95f3
2016-04-23 11:35:13 SystemEnvironment [WARN] defaulting tlb tmp directory to /var/folders/63/3rz5g1g93kl56014nnctmg6w0000gn/T/
2016-04-23 11:35:13 SystemEnvironment [INFO] using /var/folders/63/3rz5g1g93kl56014nnctmg6w0000gn/T/ as tlb temp directory
2016-04-23 11:35:13 FileUtil [INFO] checking for existance of directory /var/folders/63/3rz5g1g93kl56014nnctmg6w0000gn/T/b0939e1e33727e211e84091c6093676e as tlb tmpdir
2016-04-23 11:35:13 FileUtil [INFO] directory /var/folders/63/3rz5g1g93kl56014nnctmg6w0000gn/T/b0939e1e33727e211e84091c6093676e doesn't exist, creating it now
2016-04-23 11:35:13 FileUtil [INFO] created directory /var/folders/63/3rz5g1g93kl56014nnctmg6w0000gn/T/b0939e1e33727e211e84091c6093676e, which is to be used as tlb tmp dir.
2016-04-23 11:35:13 FileUtil [INFO] unique file name old_test_times translated to /var/folders/63/3rz5g1g93kl56014nnctmg6w0000gn/T/b0939e1e33727e211e84091c6093676e/44dbf27b4ecc976bd27776371f7a95f3
2016-04-23 11:35:16 SystemEnvironment [WARN] defaulting tlb tmp directory to /var/folders/63/3rz5g1g93kl56014nnctmg6w0000gn/T/
2016-04-23 11:35:16 SystemEnvironment [INFO] using /var/folders/63/3rz5g1g93kl56014nnctmg6w0000gn/T/ as tlb temp directory
2016-04-23 11:35:16 FileUtil [INFO] checking for existance of directory /var/folders/63/3rz5g1g93kl56014nnctmg6w0000gn/T/ebd378c9b20b8479a1302b5dfd5dbbf0 as tlb tmpdir
2016-04-23 11:35:16 FileUtil [INFO] directory /var/folders/63/3rz5g1g93kl56014nnctmg6w0000gn/T/ebd378c9b20b8479a1302b5dfd5dbbf0 doesn't exist, creating it now
2016-04-23 11:35:16 FileUtil [INFO] created directory /var/folders/63/3rz5g1g93kl56014nnctmg6w0000gn/T/ebd378c9b20b8479a1302b5dfd5dbbf0, which is to be used as tlb tmp dir.
2016-04-23 11:35:16 FileUtil [INFO] unique file name old_test_times translated to /var/folders/63/3rz5g1g93kl56014nnctmg6w0000gn/T/ebd378c9b20b8479a1302b5dfd5dbbf0/44dbf27b4ecc976bd27776371f7a95f3
2016-04-23 11:35:25 SystemEnvironment [WARN] defaulting tlb tmp directory to /var/folders/63/3rz5g1g93kl56014nnctmg6w0000gn/T/
2016-04-23 11:35:25 SystemEnvironment [INFO] using /var/folders/63/3rz5g1g93kl56014nnctmg6w0000gn/T/ as tlb temp directory
2016-04-23 11:35:25 FileUtil [INFO] checking for existance of directory /var/folders/63/3rz5g1g93kl56014nnctmg6w0000gn/T/eab08c5e8d46eb0691893312faaf468c as tlb tmpdir
2016-04-23 11:35:25 FileUtil [INFO] directory /var/folders/63/3rz5g1g93kl56014nnctmg6w0000gn/T/eab08c5e8d46eb0691893312faaf468c doesn't exist, creating it now
2016-04-23 11:35:25 FileUtil [INFO] created directory /var/folders/63/3rz5g1g93kl56014nnctmg6w0000gn/T/eab08c5e8d46eb0691893312faaf468c, which is to be used as tlb tmp dir.
2016-04-23 11:35:25 FileUtil [INFO] unique file name old_test_times translated to /var/folders/63/3rz5g1g93kl56014nnctmg6w0000gn/T/eab08c5e8d46eb0691893312faaf468c/44dbf27b4ecc976bd27776371f7a95f3
2016-04-23 11:35:27 SystemEnvironment [WARN] defaulting tlb tmp directory to /var/folders/63/3rz5g1g93kl56014nnctmg6w0000gn/T/
2016-04-23 11:35:27 SystemEnvironment [INFO] using /var/folders/63/3rz5g1g93kl56014nnctmg6w0000gn/T/ as tlb temp directory
2016-04-23 11:35:27 FileUtil [INFO] checking for existance of directory /var/folders/63/3rz5g1g93kl56014nnctmg6w0000gn/T/775a639a044e77bff7c396ee2eb05ba4 as tlb tmpdir
2016-04-23 11:35:27 FileUtil [INFO] directory /var/folders/63/3rz5g1g93kl56014nnctmg6w0000gn/T/775a639a044e77bff7c396ee2eb05ba4 doesn't exist, creating it now
2016-04-23 11:35:27 FileUtil [INFO] created directory /var/folders/63/3rz5g1g93kl56014nnctmg6w0000gn/T/775a639a044e77bff7c396ee2eb05ba4, which is to be used as tlb tmp dir.
2016-04-23 11:35:27 FileUtil [INFO] unique file name old_test_times translated to /var/folders/63/3rz5g1g93kl56014nnctmg6w0000gn/T/775a639a044e77bff7c396ee2eb05ba4/44dbf27b4ecc976bd27776371f7a95f3
2016-04-23 11:35:27 SystemEnvironment [WARN] defaulting tlb tmp directory to /var/folders/63/3rz5g1g93kl56014nnctmg6w0000gn/T/
2016-04-23 11:35:27 SystemEnvironment [INFO] using /var/folders/63/3rz5g1g93kl56014nnctmg6w0000gn/T/ as tlb temp directory
2016-04-23 11:35:27 FileUtil [INFO] checking for existance of directory /var/folders/63/3rz5g1g93kl56014nnctmg6w0000gn/T/20397594302b0c3bb91304efd82f5c23 as tlb tmpdir
2016-04-23 11:35:27 FileUtil [INFO] directory /var/folders/63/3rz5g1g93kl56014nnctmg6w0000gn/T/20397594302b0c3bb91304efd82f5c23 doesn't exist, creating it now
2016-04-23 11:35:27 FileUtil [INFO] created directory /var/folders/63/3rz5g1g93kl56014nnctmg6w0000gn/T/20397594302b0c3bb91304efd82f5c23, which is to be used as tlb tmp dir.
2016-04-23 11:35:27 FileUtil [INFO] unique file name old_test_times translated to /var/folders/63/3rz5g1g93kl56014nnctmg6w0000gn/T/20397594302b0c3bb91304efd82f5c23/44dbf27b4ecc976bd27776371f7a95f3
2016-04-23 11:40:13 SystemEnvironment [WARN] defaulting tlb tmp directory to /var/folders/63/3rz5g1g93kl56014nnctmg6w0000gn/T/
2016-04-23 11:40:13 SystemEnvironment [INFO] using /var/folders/63/3rz5g1g93kl56014nnctmg6w0000gn/T/ as tlb temp directory
2016-04-23 11:40:13 FileUtil [INFO] checking for existance of directory /var/folders/63/3rz5g1g93kl56014nnctmg6w0000gn/T/120bad3bac8b05fb1bd0bc0732ef50aa as tlb tmpdir
2016-04-23 11:40:13 FileUtil [INFO] directory /var/folders/63/3rz5g1g93kl56014nnctmg6w0000gn/T/120bad3bac8b05fb1bd0bc0732ef50aa doesn't exist, creating it now
2016-04-23 11:40:13 FileUtil [INFO] created directory /var/folders/63/3rz5g1g93kl56014nnctmg6w0000gn/T/120bad3bac8b05fb1bd0bc0732ef50aa, which is to be used as tlb tmp dir.
2016-04-23 11:40:13 FileUtil [INFO] unique file name old_test_times translated to /var/folders/63/3rz5g1g93kl56014nnctmg6w0000gn/T/120bad3bac8b05fb1bd0bc0732ef50aa/44dbf27b4ecc976bd27776371f7a95f3
2016-04-23 11:40:13 SystemEnvironment [WARN] defaulting tlb tmp directory to /var/folders/63/3rz5g1g93kl56014nnctmg6w0000gn/T/
2016-04-23 11:40:13 SystemEnvironment [INFO] using /var/folders/63/3rz5g1g93kl56014nnctmg6w0000gn/T/ as tlb temp directory
2016-04-23 11:40:13 FileUtil [INFO] checking for existance of directory /var/folders/63/3rz5g1g93kl56014nnctmg6w0000gn/T/120bad3bac8b05fb1bd0bc0732ef50aa as tlb tmpdir
2016-04-23 11:40:13 FileUtil [INFO] directory /var/folders/63/3rz5g1g93kl56014nnctmg6w0000gn/T/120bad3bac8b05fb1bd0bc0732ef50aa exists, creation not required
2016-04-23 11:40:13 FileUtil [INFO] unique file name old_test_times translated to /var/folders/63/3rz5g1g93kl56014nnctmg6w0000gn/T/120bad3bac8b05fb1bd0bc0732ef50aa/44dbf27b4ecc976bd27776371f7a95f3
2016-04-23 11:40:13 SystemEnvironment [WARN] defaulting tlb tmp directory to /var/folders/63/3rz5g1g93kl56014nnctmg6w0000gn/T/
2016-04-23 11:40:13 SystemEnvironment [INFO] using /var/folders/63/3rz5g1g93kl56014nnctmg6w0000gn/T/ as tlb temp directory
2016-04-23 11:40:13 FileUtil [INFO] checking for existance of directory /var/folders/63/3rz5g1g93kl56014nnctmg6w0000gn/T/120bad3bac8b05fb1bd0bc0732ef50aa as tlb tmpdir
2016-04-23 11:40:13 FileUtil [INFO] directory /var/folders/63/3rz5g1g93kl56014nnctmg6w0000gn/T/120bad3bac8b05fb1bd0bc0732ef50aa exists, creation not required
2016-04-23 11:40:13 FileUtil [INFO] unique file name old_test_times translated to /var/folders/63/3rz5g1g93kl56014nnctmg6w0000gn/T/120bad3bac8b05fb1bd0bc0732ef50aa/44dbf27b4ecc976bd27776371f7a95f3
2016-04-23 11:40:13 SystemEnvironment [WARN] defaulting tlb tmp directory to /var/folders/63/3rz5g1g93kl56014nnctmg6w0000gn/T/
2016-04-23 11:40:13 SystemEnvironment [INFO] using /var/folders/63/3rz5g1g93kl56014nnctmg6w0000gn/T/ as tlb temp directory
2016-04-23 11:40:13 FileUtil [INFO] checking for existance of directory /var/folders/63/3rz5g1g93kl56014nnctmg6w0000gn/T/120bad3bac8b05fb1bd0bc0732ef50aa as tlb tmpdir
2016-04-23 11:40:13 FileUtil [INFO] directory /var/folders/63/3rz5g1g93kl56014nnctmg6w0000gn/T/120bad3bac8b05fb1bd0bc0732ef50aa exists, creation not required
2016-04-23 11:40:13 FileUtil [INFO] unique file name old_test_times translated to /var/folders/63/3rz5g1g93kl56014nnctmg6w0000gn/T/120bad3bac8b05fb1bd0bc0732ef50aa/44dbf27b4ecc976bd27776371f7a95f3
2016-04-23 11:40:13 SystemEnvironment [WARN] defaulting tlb tmp directory to /var/folders/63/3rz5g1g93kl56014nnctmg6w0000gn/T/
2016-04-23 11:40:13 SystemEnvironment [INFO] using /var/folders/63/3rz5g1g93kl56014nnctmg6w0000gn/T/ as tlb temp directory
2016-04-23 11:40:13 FileUtil [INFO] checking for existance of directory /var/folders/63/3rz5g1g93kl56014nnctmg6w0000gn/T/120bad3bac8b05fb1bd0bc0732ef50aa as tlb tmpdir
2016-04-23 11:40:13 FileUtil [INFO] directory /var/folders/63/3rz5g1g93kl56014nnctmg6w0000gn/T/120bad3bac8b05fb1bd0bc0732ef50aa exists, creation not required
2016-04-23 11:40:13 FileUtil [INFO] unique file name old_test_times translated to /var/folders/63/3rz5g1g93kl56014nnctmg6w0000gn/T/120bad3bac8b05fb1bd0bc0732ef50aa/44dbf27b4ecc976bd27776371f7a95f3
2016-04-23 11:40:13 SystemEnvironment [WARN] defaulting tlb tmp directory to /var/folders/63/3rz5g1g93kl56014nnctmg6w0000gn/T/
2016-04-23 11:40:13 SystemEnvironment [INFO] using /var/folders/63/3rz5g1g93kl56014nnctmg6w0000gn/T/ as tlb temp directory
2016-04-23 11:40:13 FileUtil [INFO] checking for existance of directory /var/folders/63/3rz5g1g93kl56014nnctmg6w0000gn/T/120bad3bac8b05fb1bd0bc0732ef50aa as tlb tmpdir
2016-04-23 11:40:13 FileUtil [INFO] directory /var/folders/63/3rz5g1g93kl56014nnctmg6w0000gn/T/120bad3bac8b05fb1bd0bc0732ef50aa exists, creation not required
2016-04-23 11:40:13 FileUtil [INFO] unique file name old_test_times translated to /var/folders/63/3rz5g1g93kl56014nnctmg6w0000gn/T/120bad3bac8b05fb1bd0bc0732ef50aa/44dbf27b4ecc976bd27776371f7a95f3
2016-04-23 11:40:13 JobFamilyAwareSplitter [INFO] got total of 12 files to balance
2016-04-23 11:40:13 JobFamilyAwareSplitter [INFO] total jobs to distribute load [ 2 ]
2016-04-23 11:40:13 TlbEntryRepository [INFO] Wrote [ com/github/tlb/sampleprojects/DeepInTheBowels$DeepWithinTest.class: 3021
 ] to /var/folders/63/3rz5g1g93kl56014nnctmg6w0000gn/T/120bad3bac8b05fb1bd0bc0732ef50aa/44dbf27b4ecc976bd27776371f7a95f3
2016-04-23 11:40:13 TlbEntryRepository [INFO] Wrote [ com/github/tlb/sampleprojects/DeepThoughtTest.class: 8428
 ] to /var/folders/63/3rz5g1g93kl56014nnctmg6w0000gn/T/120bad3bac8b05fb1bd0bc0732ef50aa/44dbf27b4ecc976bd27776371f7a95f3
2016-04-23 11:40:13 TlbEntryRepository [INFO] Wrote [ com/github/tlb/sampleprojects/CommutativeTest.class: 15
 ] to /var/folders/63/3rz5g1g93kl56014nnctmg6w0000gn/T/120bad3bac8b05fb1bd0bc0732ef50aa/44dbf27b4ecc976bd27776371f7a95f3
2016-04-23 11:40:13 TlbEntryRepository [INFO] Wrote [ com/github/tlb/sampleprojects/MillenniumFalconTest.class: 1014
 ] to /var/folders/63/3rz5g1g93kl56014nnctmg6w0000gn/T/120bad3bac8b05fb1bd0bc0732ef50aa/44dbf27b4ecc976bd27776371f7a95f3
2016-04-23 11:40:13 TlbEntryRepository [INFO] Wrote [ com/github/tlb/sampleprojects/SimpleCalculatorTest.class: 16
 ] to /var/folders/63/3rz5g1g93kl56014nnctmg6w0000gn/T/120bad3bac8b05fb1bd0bc0732ef50aa/44dbf27b4ecc976bd27776371f7a95f3
2016-04-23 11:40:13 TlbEntryRepository [INFO] Cached 5 lines from /var/folders/63/3rz5g1g93kl56014nnctmg6w0000gn/T/120bad3bac8b05fb1bd0bc0732ef50aa/44dbf27b4ecc976bd27776371f7a95f3, the last of which was [ com/github/tlb/sampleprojects/SimpleCalculatorTest.class: 16 ]
2016-04-23 11:40:13 TimeBasedTestSplitter [INFO] historical test time data has entries for 5 suites
2016-04-23 11:40:13 TimeBasedTestSplitter [INFO] The TLB Resources are: 
[TlbSuiteFileImpl{fileName='com/github/tlb/sampleprojects/CommutativeTest.class'}, TlbSuiteFileImpl{fileName='com/github/tlb/sampleprojects/DeepInTheBowels$DeepWithinTest.class'}, TlbSuiteFileImpl{fileName='com/github/tlb/sampleprojects/DeepThoughtTest.class'}, TlbSuiteFileImpl{fileName='com/github/tlb/sampleprojects/MillenniumFalconTest.class'}, TlbSuiteFileImpl{fileName='com/github/tlb/sampleprojects/SimpleCalculatorTest.class'}, TlbSuiteFileImpl{fileName='com/github/tlb/sampleprojects/SkynetTest.class'}, TlbSuiteFileImpl{fileName='com/github/tlb/sampleprojects/SleepyPhilosopherTest.class'}, TlbSuiteFileImpl{fileName='com/github/tlb/sampleprojects/TatooineTest.class'}, TlbSuiteFileImpl{fileName='com/github/tlb/sampleprojects/ThickSkin$Brat$ThickSkinnedBratTest.class'}, TlbSuiteFileImpl{fileName='com/github/tlb/sampleprojects/ThickSkin$BratAfterArmTwistingTest.class'}, TlbSuiteFileImpl{fileName='com/github/tlb/sampleprojects/ZeroOneTest.class'}, TlbSuiteFileImpl{fileName='com/github/tlb/sampleprojects/ZionTest.class'}]

2016-04-23 11:40:13 TimeBasedTestSplitter [INFO] The suite entries are: 
[com/github/tlb/sampleprojects/DeepInTheBowels$DeepWithinTest.class: 3021, com/github/tlb/sampleprojects/DeepThoughtTest.class: 8428, com/github/tlb/sampleprojects/CommutativeTest.class: 15, com/github/tlb/sampleprojects/MillenniumFalconTest.class: 1014, com/github/tlb/sampleprojects/SimpleCalculatorTest.class: 16]

2016-04-23 11:40:13 TimeBasedTestSplitter [INFO] 5 entries of historical test time data found relavent
2016-04-23 11:40:13 TimeBasedTestSplitter [INFO] encountered 7 new files which don't have historical time data, used average time [ 2498.8 ] to balance
2016-04-23 11:40:13 JobFamilyAwareSplitter [INFO] assigned total of 6 files to [ null ]
2016-04-23 11:40:13 DefaultingTestSplitter [INFO] Used tlb.splitter.TimeBasedTestSplitter to balance.
2016-04-23 11:40:14 SystemEnvironment [WARN] defaulting tlb tmp directory to /var/folders/63/3rz5g1g93kl56014nnctmg6w0000gn/T/
2016-04-23 11:40:14 SystemEnvironment [INFO] using /var/folders/63/3rz5g1g93kl56014nnctmg6w0000gn/T/ as tlb temp directory
2016-04-23 11:40:14 FileUtil [INFO] checking for existance of directory /var/folders/63/3rz5g1g93kl56014nnctmg6w0000gn/T/c2387d6b39ae89b931af48680d154dae as tlb tmpdir
2016-04-23 11:40:14 FileUtil [INFO] directory /var/folders/63/3rz5g1g93kl56014nnctmg6w0000gn/T/c2387d6b39ae89b931af48680d154dae doesn't exist, creating it now
2016-04-23 11:40:14 FileUtil [INFO] created directory /var/folders/63/3rz5g1g93kl56014nnctmg6w0000gn/T/c2387d6b39ae89b931af48680d154dae, which is to be used as tlb tmp dir.
2016-04-23 11:40:14 FileUtil [INFO] unique file name old_test_times translated to /var/folders/63/3rz5g1g93kl56014nnctmg6w0000gn/T/c2387d6b39ae89b931af48680d154dae/44dbf27b4ecc976bd27776371f7a95f3
2016-04-23 11:40:22 SystemEnvironment [WARN] defaulting tlb tmp directory to /var/folders/63/3rz5g1g93kl56014nnctmg6w0000gn/T/
2016-04-23 11:40:22 SystemEnvironment [INFO] using /var/folders/63/3rz5g1g93kl56014nnctmg6w0000gn/T/ as tlb temp directory
2016-04-23 11:40:22 FileUtil [INFO] checking for existance of directory /var/folders/63/3rz5g1g93kl56014nnctmg6w0000gn/T/c42300617aa7d8425f5ce842e7396ae6 as tlb tmpdir
2016-04-23 11:40:22 FileUtil [INFO] directory /var/folders/63/3rz5g1g93kl56014nnctmg6w0000gn/T/c42300617aa7d8425f5ce842e7396ae6 doesn't exist, creating it now
2016-04-23 11:40:22 FileUtil [INFO] created directory /var/folders/63/3rz5g1g93kl56014nnctmg6w0000gn/T/c42300617aa7d8425f5ce842e7396ae6, which is to be used as tlb tmp dir.
2016-04-23 11:40:22 FileUtil [INFO] unique file name old_test_times translated to /var/folders/63/3rz5g1g93kl56014nnctmg6w0000gn/T/c42300617aa7d8425f5ce842e7396ae6/44dbf27b4ecc976bd27776371f7a95f3
2016-04-23 11:40:22 SystemEnvironment [WARN] defaulting tlb tmp directory to /var/folders/63/3rz5g1g93kl56014nnctmg6w0000gn/T/
2016-04-23 11:40:22 SystemEnvironment [INFO] using /var/folders/63/3rz5g1g93kl56014nnctmg6w0000gn/T/ as tlb temp directory
2016-04-23 11:40:22 FileUtil [INFO] checking for existance of directory /var/folders/63/3rz5g1g93kl56014nnctmg6w0000gn/T/c42300617aa7d8425f5ce842e7396ae6 as tlb tmpdir
2016-04-23 11:40:22 FileUtil [INFO] directory /var/folders/63/3rz5g1g93kl56014nnctmg6w0000gn/T/c42300617aa7d8425f5ce842e7396ae6 exists, creation not required
2016-04-23 11:40:22 FileUtil [INFO] unique file name old_test_times translated to /var/folders/63/3rz5g1g93kl56014nnctmg6w0000gn/T/c42300617aa7d8425f5ce842e7396ae6/44dbf27b4ecc976bd27776371f7a95f3
2016-04-23 11:40:22 SystemEnvironment [WARN] defaulting tlb tmp directory to /var/folders/63/3rz5g1g93kl56014nnctmg6w0000gn/T/
2016-04-23 11:40:22 SystemEnvironment [INFO] using /var/folders/63/3rz5g1g93kl56014nnctmg6w0000gn/T/ as tlb temp directory
2016-04-23 11:40:22 FileUtil [INFO] checking for existance of directory /var/folders/63/3rz5g1g93kl56014nnctmg6w0000gn/T/c42300617aa7d8425f5ce842e7396ae6 as tlb tmpdir
2016-04-23 11:40:22 FileUtil [INFO] directory /var/folders/63/3rz5g1g93kl56014nnctmg6w0000gn/T/c42300617aa7d8425f5ce842e7396ae6 exists, creation not required
2016-04-23 11:40:22 FileUtil [INFO] unique file name old_test_times translated to /var/folders/63/3rz5g1g93kl56014nnctmg6w0000gn/T/c42300617aa7d8425f5ce842e7396ae6/44dbf27b4ecc976bd27776371f7a95f3
2016-04-23 11:40:22 SystemEnvironment [WARN] defaulting tlb tmp directory to /var/folders/63/3rz5g1g93kl56014nnctmg6w0000gn/T/
2016-04-23 11:40:22 SystemEnvironment [INFO] using /var/folders/63/3rz5g1g93kl56014nnctmg6w0000gn/T/ as tlb temp directory
2016-04-23 11:40:22 FileUtil [INFO] checking for existance of directory /var/folders/63/3rz5g1g93kl56014nnctmg6w0000gn/T/c42300617aa7d8425f5ce842e7396ae6 as tlb tmpdir
2016-04-23 11:40:22 FileUtil [INFO] directory /var/folders/63/3rz5g1g93kl56014nnctmg6w0000gn/T/c42300617aa7d8425f5ce842e7396ae6 exists, creation not required
2016-04-23 11:40:22 FileUtil [INFO] unique file name old_test_times translated to /var/folders/63/3rz5g1g93kl56014nnctmg6w0000gn/T/c42300617aa7d8425f5ce842e7396ae6/44dbf27b4ecc976bd27776371f7a95f3
2016-04-23 11:40:22 SystemEnvironment [WARN] defaulting tlb tmp directory to /var/folders/63/3rz5g1g93kl56014nnctmg6w0000gn/T/
2016-04-23 11:40:22 SystemEnvironment [INFO] using /var/folders/63/3rz5g1g93kl56014nnctmg6w0000gn/T/ as tlb temp directory
2016-04-23 11:40:22 FileUtil [INFO] checking for existance of directory /var/folders/63/3rz5g1g93kl56014nnctmg6w0000gn/T/c42300617aa7d8425f5ce842e7396ae6 as tlb tmpdir
2016-04-23 11:40:22 FileUtil [INFO] directory /var/folders/63/3rz5g1g93kl56014nnctmg6w0000gn/T/c42300617aa7d8425f5ce842e7396ae6 exists, creation not required
2016-04-23 11:40:22 FileUtil [INFO] unique file name old_test_times translated to /var/folders/63/3rz5g1g93kl56014nnctmg6w0000gn/T/c42300617aa7d8425f5ce842e7396ae6/44dbf27b4ecc976bd27776371f7a95f3
2016-04-23 11:40:22 SystemEnvironment [WARN] defaulting tlb tmp directory to /var/folders/63/3rz5g1g93kl56014nnctmg6w0000gn/T/
2016-04-23 11:40:22 SystemEnvironment [INFO] using /var/folders/63/3rz5g1g93kl56014nnctmg6w0000gn/T/ as tlb temp directory
2016-04-23 11:40:22 FileUtil [INFO] checking for existance of directory /var/folders/63/3rz5g1g93kl56014nnctmg6w0000gn/T/c42300617aa7d8425f5ce842e7396ae6 as tlb tmpdir
2016-04-23 11:40:22 FileUtil [INFO] directory /var/folders/63/3rz5g1g93kl56014nnctmg6w0000gn/T/c42300617aa7d8425f5ce842e7396ae6 exists, creation not required
2016-04-23 11:40:22 FileUtil [INFO] unique file name old_test_times translated to /var/folders/63/3rz5g1g93kl56014nnctmg6w0000gn/T/c42300617aa7d8425f5ce842e7396ae6/44dbf27b4ecc976bd27776371f7a95f3
2016-04-23 11:40:22 JobFamilyAwareSplitter [INFO] got total of 12 files to balance
2016-04-23 11:40:22 JobFamilyAwareSplitter [INFO] total jobs to distribute load [ 2 ]
2016-04-23 11:43:14 SystemEnvironment [WARN] defaulting tlb tmp directory to /var/folders/63/3rz5g1g93kl56014nnctmg6w0000gn/T/
2016-04-23 11:43:14 SystemEnvironment [INFO] using /var/folders/63/3rz5g1g93kl56014nnctmg6w0000gn/T/ as tlb temp directory
2016-04-23 11:43:14 FileUtil [INFO] checking for existance of directory /var/folders/63/3rz5g1g93kl56014nnctmg6w0000gn/T/ae79f3b9e3c1c0a5ee7b6040fb563195 as tlb tmpdir
2016-04-23 11:43:14 FileUtil [INFO] directory /var/folders/63/3rz5g1g93kl56014nnctmg6w0000gn/T/ae79f3b9e3c1c0a5ee7b6040fb563195 doesn't exist, creating it now
2016-04-23 11:43:14 FileUtil [INFO] created directory /var/folders/63/3rz5g1g93kl56014nnctmg6w0000gn/T/ae79f3b9e3c1c0a5ee7b6040fb563195, which is to be used as tlb tmp dir.
2016-04-23 11:43:14 FileUtil [INFO] unique file name old_test_times translated to /var/folders/63/3rz5g1g93kl56014nnctmg6w0000gn/T/ae79f3b9e3c1c0a5ee7b6040fb563195/44dbf27b4ecc976bd27776371f7a95f3
2016-04-23 11:43:14 SystemEnvironment [WARN] defaulting tlb tmp directory to /var/folders/63/3rz5g1g93kl56014nnctmg6w0000gn/T/
2016-04-23 11:43:14 SystemEnvironment [INFO] using /var/folders/63/3rz5g1g93kl56014nnctmg6w0000gn/T/ as tlb temp directory
2016-04-23 11:43:14 FileUtil [INFO] checking for existance of directory /var/folders/63/3rz5g1g93kl56014nnctmg6w0000gn/T/ae79f3b9e3c1c0a5ee7b6040fb563195 as tlb tmpdir
2016-04-23 11:43:14 FileUtil [INFO] directory /var/folders/63/3rz5g1g93kl56014nnctmg6w0000gn/T/ae79f3b9e3c1c0a5ee7b6040fb563195 exists, creation not required
2016-04-23 11:43:14 FileUtil [INFO] unique file name old_test_times translated to /var/folders/63/3rz5g1g93kl56014nnctmg6w0000gn/T/ae79f3b9e3c1c0a5ee7b6040fb563195/44dbf27b4ecc976bd27776371f7a95f3
2016-04-23 11:43:14 SystemEnvironment [WARN] defaulting tlb tmp directory to /var/folders/63/3rz5g1g93kl56014nnctmg6w0000gn/T/
2016-04-23 11:43:14 SystemEnvironment [INFO] using /var/folders/63/3rz5g1g93kl56014nnctmg6w0000gn/T/ as tlb temp directory
2016-04-23 11:43:14 FileUtil [INFO] checking for existance of directory /var/folders/63/3rz5g1g93kl56014nnctmg6w0000gn/T/ae79f3b9e3c1c0a5ee7b6040fb563195 as tlb tmpdir
2016-04-23 11:43:14 FileUtil [INFO] directory /var/folders/63/3rz5g1g93kl56014nnctmg6w0000gn/T/ae79f3b9e3c1c0a5ee7b6040fb563195 exists, creation not required
2016-04-23 11:43:14 FileUtil [INFO] unique file name old_test_times translated to /var/folders/63/3rz5g1g93kl56014nnctmg6w0000gn/T/ae79f3b9e3c1c0a5ee7b6040fb563195/44dbf27b4ecc976bd27776371f7a95f3
2016-04-23 11:43:14 SystemEnvironment [WARN] defaulting tlb tmp directory to /var/folders/63/3rz5g1g93kl56014nnctmg6w0000gn/T/
2016-04-23 11:43:14 SystemEnvironment [INFO] using /var/folders/63/3rz5g1g93kl56014nnctmg6w0000gn/T/ as tlb temp directory
2016-04-23 11:43:14 FileUtil [INFO] checking for existance of directory /var/folders/63/3rz5g1g93kl56014nnctmg6w0000gn/T/ae79f3b9e3c1c0a5ee7b6040fb563195 as tlb tmpdir
2016-04-23 11:43:14 FileUtil [INFO] directory /var/folders/63/3rz5g1g93kl56014nnctmg6w0000gn/T/ae79f3b9e3c1c0a5ee7b6040fb563195 exists, creation not required
2016-04-23 11:43:14 FileUtil [INFO] unique file name old_test_times translated to /var/folders/63/3rz5g1g93kl56014nnctmg6w0000gn/T/ae79f3b9e3c1c0a5ee7b6040fb563195/44dbf27b4ecc976bd27776371f7a95f3
2016-04-23 11:43:14 SystemEnvironment [WARN] defaulting tlb tmp directory to /var/folders/63/3rz5g1g93kl56014nnctmg6w0000gn/T/
2016-04-23 11:43:14 SystemEnvironment [INFO] using /var/folders/63/3rz5g1g93kl56014nnctmg6w0000gn/T/ as tlb temp directory
2016-04-23 11:43:14 FileUtil [INFO] checking for existance of directory /var/folders/63/3rz5g1g93kl56014nnctmg6w0000gn/T/ae79f3b9e3c1c0a5ee7b6040fb563195 as tlb tmpdir
2016-04-23 11:43:14 FileUtil [INFO] directory /var/folders/63/3rz5g1g93kl56014nnctmg6w0000gn/T/ae79f3b9e3c1c0a5ee7b6040fb563195 exists, creation not required
2016-04-23 11:43:14 FileUtil [INFO] unique file name old_test_times translated to /var/folders/63/3rz5g1g93kl56014nnctmg6w0000gn/T/ae79f3b9e3c1c0a5ee7b6040fb563195/44dbf27b4ecc976bd27776371f7a95f3
2016-04-23 11:43:14 SystemEnvironment [WARN] defaulting tlb tmp directory to /var/folders/63/3rz5g1g93kl56014nnctmg6w0000gn/T/
2016-04-23 11:43:14 SystemEnvironment [INFO] using /var/folders/63/3rz5g1g93kl56014nnctmg6w0000gn/T/ as tlb temp directory
2016-04-23 11:43:14 FileUtil [INFO] checking for existance of directory /var/folders/63/3rz5g1g93kl56014nnctmg6w0000gn/T/ae79f3b9e3c1c0a5ee7b6040fb563195 as tlb tmpdir
2016-04-23 11:43:14 FileUtil [INFO] directory /var/folders/63/3rz5g1g93kl56014nnctmg6w0000gn/T/ae79f3b9e3c1c0a5ee7b6040fb563195 exists, creation not required
2016-04-23 11:43:14 FileUtil [INFO] unique file name old_test_times translated to /var/folders/63/3rz5g1g93kl56014nnctmg6w0000gn/T/ae79f3b9e3c1c0a5ee7b6040fb563195/44dbf27b4ecc976bd27776371f7a95f3
2016-04-23 11:43:14 JobFamilyAwareSplitter [INFO] got total of 12 files to balance
2016-04-23 11:43:14 JobFamilyAwareSplitter [INFO] total jobs to distribute load [ 2 ]
2016-04-23 11:43:15 TlbEntryRepository [INFO] Wrote [ com/github/tlb/sampleprojects/DeepInTheBowels$DeepWithinTest.class: 3021
 ] to /var/folders/63/3rz5g1g93kl56014nnctmg6w0000gn/T/ae79f3b9e3c1c0a5ee7b6040fb563195/44dbf27b4ecc976bd27776371f7a95f3
2016-04-23 11:43:15 TlbEntryRepository [INFO] Wrote [ com/github/tlb/sampleprojects/DeepThoughtTest.class: 8428
 ] to /var/folders/63/3rz5g1g93kl56014nnctmg6w0000gn/T/ae79f3b9e3c1c0a5ee7b6040fb563195/44dbf27b4ecc976bd27776371f7a95f3
2016-04-23 11:43:15 TlbEntryRepository [INFO] Wrote [ com/github/tlb/sampleprojects/CommutativeTest.class: 15
 ] to /var/folders/63/3rz5g1g93kl56014nnctmg6w0000gn/T/ae79f3b9e3c1c0a5ee7b6040fb563195/44dbf27b4ecc976bd27776371f7a95f3
2016-04-23 11:43:15 TlbEntryRepository [INFO] Wrote [ com/github/tlb/sampleprojects/MillenniumFalconTest.class: 1014
 ] to /var/folders/63/3rz5g1g93kl56014nnctmg6w0000gn/T/ae79f3b9e3c1c0a5ee7b6040fb563195/44dbf27b4ecc976bd27776371f7a95f3
2016-04-23 11:43:15 TlbEntryRepository [INFO] Wrote [ com/github/tlb/sampleprojects/SimpleCalculatorTest.class: 16
 ] to /var/folders/63/3rz5g1g93kl56014nnctmg6w0000gn/T/ae79f3b9e3c1c0a5ee7b6040fb563195/44dbf27b4ecc976bd27776371f7a95f3
2016-04-23 11:43:15 TlbEntryRepository [INFO] Cached 5 lines from /var/folders/63/3rz5g1g93kl56014nnctmg6w0000gn/T/ae79f3b9e3c1c0a5ee7b6040fb563195/44dbf27b4ecc976bd27776371f7a95f3, the last of which was [ com/github/tlb/sampleprojects/SimpleCalculatorTest.class: 16 ]
2016-04-23 11:43:15 TimeBasedTestSplitter [INFO] historical test time data has entries for 5 suites
2016-04-23 11:43:15 TimeBasedTestSplitter [INFO] The TLB Resources are: 
[TlbSuiteFileImpl{fileName='com/github/tlb/sampleprojects/CommutativeTest.class'}, TlbSuiteFileImpl{fileName='com/github/tlb/sampleprojects/DeepInTheBowels$DeepWithinTest.class'}, TlbSuiteFileImpl{fileName='com/github/tlb/sampleprojects/DeepThoughtTest.class'}, TlbSuiteFileImpl{fileName='com/github/tlb/sampleprojects/MillenniumFalconTest.class'}, TlbSuiteFileImpl{fileName='com/github/tlb/sampleprojects/SimpleCalculatorTest.class'}, TlbSuiteFileImpl{fileName='com/github/tlb/sampleprojects/SkynetTest.class'}, TlbSuiteFileImpl{fileName='com/github/tlb/sampleprojects/SleepyPhilosopherTest.class'}, TlbSuiteFileImpl{fileName='com/github/tlb/sampleprojects/TatooineTest.class'}, TlbSuiteFileImpl{fileName='com/github/tlb/sampleprojects/ThickSkin$Brat$ThickSkinnedBratTest.class'}, TlbSuiteFileImpl{fileName='com/github/tlb/sampleprojects/ThickSkin$BratAfterArmTwistingTest.class'}, TlbSuiteFileImpl{fileName='com/github/tlb/sampleprojects/ZeroOneTest.class'}, TlbSuiteFileImpl{fileName='com/github/tlb/sampleprojects/ZionTest.class'}]

2016-04-23 11:43:15 TimeBasedTestSplitter [INFO] The suite entries are: 
[com/github/tlb/sampleprojects/DeepInTheBowels$DeepWithinTest.class: 3021, com/github/tlb/sampleprojects/DeepThoughtTest.class: 8428, com/github/tlb/sampleprojects/CommutativeTest.class: 15, com/github/tlb/sampleprojects/MillenniumFalconTest.class: 1014, com/github/tlb/sampleprojects/SimpleCalculatorTest.class: 16]

2016-04-23 11:43:15 TimeBasedTestSplitter [INFO] 5 entries of historical test time data found relavent
2016-04-23 11:43:15 TimeBasedTestSplitter [INFO] encountered 7 new files which don't have historical time data, used average time [ 2498.8 ] to balance
2016-04-23 11:43:15 JobFamilyAwareSplitter [INFO] assigned total of 6 files to [ null ]
2016-04-23 11:43:15 DefaultingTestSplitter [INFO] Used tlb.splitter.TimeBasedTestSplitter to balance.
2016-04-23 11:43:15 SystemEnvironment [WARN] defaulting tlb tmp directory to /var/folders/63/3rz5g1g93kl56014nnctmg6w0000gn/T/
2016-04-23 11:43:15 SystemEnvironment [INFO] using /var/folders/63/3rz5g1g93kl56014nnctmg6w0000gn/T/ as tlb temp directory
2016-04-23 11:43:15 FileUtil [INFO] checking for existance of directory /var/folders/63/3rz5g1g93kl56014nnctmg6w0000gn/T/9f01c3e0eb52f5f5acdaea09df9a1d94 as tlb tmpdir
2016-04-23 11:43:15 FileUtil [INFO] directory /var/folders/63/3rz5g1g93kl56014nnctmg6w0000gn/T/9f01c3e0eb52f5f5acdaea09df9a1d94 doesn't exist, creating it now
2016-04-23 11:43:15 FileUtil [INFO] created directory /var/folders/63/3rz5g1g93kl56014nnctmg6w0000gn/T/9f01c3e0eb52f5f5acdaea09df9a1d94, which is to be used as tlb tmp dir.
2016-04-23 11:43:15 FileUtil [INFO] unique file name old_test_times translated to /var/folders/63/3rz5g1g93kl56014nnctmg6w0000gn/T/9f01c3e0eb52f5f5acdaea09df9a1d94/44dbf27b4ecc976bd27776371f7a95f3
2016-04-23 11:43:24 TlbEntryRepository [INFO] Wrote [ com/github/tlb/sampleprojects/DeepInTheBowels$DeepWithinTest.class: 3021
 ] to /var/folders/63/3rz5g1g93kl56014nnctmg6w0000gn/T/9f01c3e0eb52f5f5acdaea09df9a1d94/44dbf27b4ecc976bd27776371f7a95f3
2016-04-23 11:43:24 TlbEntryRepository [INFO] Wrote [ com/github/tlb/sampleprojects/DeepThoughtTest.class: 8428
 ] to /var/folders/63/3rz5g1g93kl56014nnctmg6w0000gn/T/9f01c3e0eb52f5f5acdaea09df9a1d94/44dbf27b4ecc976bd27776371f7a95f3
2016-04-23 11:43:24 TlbEntryRepository [INFO] Wrote [ com/github/tlb/sampleprojects/CommutativeTest.class: 15
 ] to /var/folders/63/3rz5g1g93kl56014nnctmg6w0000gn/T/9f01c3e0eb52f5f5acdaea09df9a1d94/44dbf27b4ecc976bd27776371f7a95f3
2016-04-23 11:43:24 TlbEntryRepository [INFO] Wrote [ com/github/tlb/sampleprojects/MillenniumFalconTest.class: 1014
 ] to /var/folders/63/3rz5g1g93kl56014nnctmg6w0000gn/T/9f01c3e0eb52f5f5acdaea09df9a1d94/44dbf27b4ecc976bd27776371f7a95f3
2016-04-23 11:43:24 TlbEntryRepository [INFO] Wrote [ com/github/tlb/sampleprojects/SimpleCalculatorTest.class: 16
 ] to /var/folders/63/3rz5g1g93kl56014nnctmg6w0000gn/T/9f01c3e0eb52f5f5acdaea09df9a1d94/44dbf27b4ecc976bd27776371f7a95f3
2016-04-23 11:43:24 TlbEntryRepository [INFO] Cached 5 lines from /var/folders/63/3rz5g1g93kl56014nnctmg6w0000gn/T/9f01c3e0eb52f5f5acdaea09df9a1d94/44dbf27b4ecc976bd27776371f7a95f3, the last of which was [ com/github/tlb/sampleprojects/SimpleCalculatorTest.class: 16 ]
2016-04-23 11:43:24 SystemEnvironment [WARN] defaulting tlb tmp directory to /var/folders/63/3rz5g1g93kl56014nnctmg6w0000gn/T/
2016-04-23 11:43:24 SystemEnvironment [INFO] using /var/folders/63/3rz5g1g93kl56014nnctmg6w0000gn/T/ as tlb temp directory
2016-04-23 11:43:24 FileUtil [INFO] checking for existance of directory /var/folders/63/3rz5g1g93kl56014nnctmg6w0000gn/T/62b6dd7b8d2386e462f51706bfae5764 as tlb tmpdir
2016-04-23 11:43:24 FileUtil [INFO] directory /var/folders/63/3rz5g1g93kl56014nnctmg6w0000gn/T/62b6dd7b8d2386e462f51706bfae5764 doesn't exist, creating it now
2016-04-23 11:43:24 FileUtil [INFO] created directory /var/folders/63/3rz5g1g93kl56014nnctmg6w0000gn/T/62b6dd7b8d2386e462f51706bfae5764, which is to be used as tlb tmp dir.
2016-04-23 11:43:24 FileUtil [INFO] unique file name old_test_times translated to /var/folders/63/3rz5g1g93kl56014nnctmg6w0000gn/T/62b6dd7b8d2386e462f51706bfae5764/44dbf27b4ecc976bd27776371f7a95f3
